# JRE version: Java(TM) SE Runtime Environment (7.0_80-b15) (build 1.7.0_80-b15)
# Java VM: Java HotSpot(TM) 64-Bit Server VM (24.80-b11 mixed mode linux-amd64 compressed oops)
Heap
 def new generation   total 119360K, used 0K [0x00000000dae00000, 0x00000000e2f80000, 0x00000000e58a0000)
  eden space 106112K,   0% used [0x00000000dae00000, 0x00000000dae00000, 0x00000000e15a0000)
  from space 13248K,   0% used [0x00000000e15a0000, 0x00000000e15a0000, 0x00000000e2290000)
  to   space 13248K,   0% used [0x00000000e2290000, 0x00000000e2290000, 0x00000000e2f80000)
 tenured generation   total 307612K, used 162251K [0x00000000e58a0000, 0x00000000f8507000, 0x00000000fae00000)
   the space 307612K,  52% used [0x00000000e58a0000, 0x00000000ef712d08, 0x00000000ef712e00, 0x00000000f8507000)
 compacting perm gen  total 23680K, used 23665K [0x00000000fae00000, 0x00000000fc520000, 0x0000000100000000)
   the space 23680K,  99% used [0x00000000fae00000, 0x00000000fc51c678, 0x00000000fc51c800, 0x00000000fc520000)
GC Heap History (10 events):
Event: 45700.187 GC heap after
Heap after GC invocations=1061 (full 13):
 def new generation   total 119360K, used 5286K [0x00000000dae00000, 0x00000000e2f80000, 0x00000000e58a0000)
  eden space 106112K,   0% used [0x00000000dae00000, 0x00000000dae00000, 0x00000000e15a0000)
  from space 13248K,  39% used [0x00000000e2290000, 0x00000000e27b9808, 0x00000000e2f80000)
  to   space 13248K,   0% used [0x00000000e15a0000, 0x00000000e15a0000, 0x00000000e2290000)
 tenured generation   total 265176K, used 241019K [0x00000000e58a0000, 0x00000000f5b96000, 0x00000000fae00000)
   the space 265176K,  90% used [0x00000000e58a0000, 0x00000000f43fee68, 0x00000000f43ff000, 0x00000000f5b96000)
 compacting perm gen  total 23680K, used 23660K [0x00000000fae00000, 0x00000000fc520000, 0x0000000100000000)
   the space 23680K,  99% used [0x00000000fae00000, 0x00000000fc51b3e0, 0x00000000fc51b400, 0x00000000fc520000)
No shared spaces configured.
}
Event: 45706.464 GC heap before
{Heap before GC invocations=1061 (full 13):
 def new generation   total 119360K, used 111398K [0x00000000dae00000, 0x00000000e2f80000, 0x00000000e58a0000)
  eden space 106112K, 100% used [0x00000000dae00000, 0x00000000e15a0000, 0x00000000e15a0000)
  from space 13248K,  39% used [0x00000000e2290000, 0x00000000e27b9808, 0x00000000e2f80000)
  to   space 13248K,   0% used [0x00000000e15a0000, 0x00000000e15a0000, 0x00000000e2290000)
 tenured generation   total 265176K, used 241019K [0x00000000e58a0000, 0x00000000f5b96000, 0x00000000fae00000)
   the space 265176K,  90% used [0x00000000e58a0000, 0x00000000f43fee68, 0x00000000f43ff000, 0x00000000f5b96000)
 compacting perm gen  total 23680K, used 23660K [0x00000000fae00000, 0x00000000fc520000, 0x0000000100000000)
   the space 23680K,  99% used [0x00000000fae00000, 0x00000000fc51b3e0, 0x00000000fc51b400, 0x00000000fc520000)
No shared spaces configured.
Event: 45706.475 GC heap after
Heap after GC invocations=1062 (full 13):
 def new generation   total 119360K, used 9022K [0x00000000dae00000, 0x00000000e2f80000, 0x00000000e58a0000)
  eden space 106112K,   0% used [0x00000000dae00000, 0x00000000dae00000, 0x00000000e15a0000)
  from space 13248K,  68% used [0x00000000e15a0000, 0x00000000e1e6f860, 0x00000000e2290000)
  to   space 13248K,   0% used [0x00000000e2290000, 0x00000000e2290000, 0x00000000e2f80000)
 tenured generation   total 265176K, used 241019K [0x00000000e58a0000, 0x00000000f5b96000, 0x00000000fae00000)
   the space 265176K,  90% used [0x00000000e58a0000, 0x00000000f43fee68, 0x00000000f43ff000, 0x00000000f5b96000)
 compacting perm gen  total 23680K, used 23660K [0x00000000fae00000, 0x00000000fc520000, 0x0000000100000000)
   the space 23680K,  99% used [0x00000000fae00000, 0x00000000fc51b3e0, 0x00000000fc51b400, 0x00000000fc520000)
No shared spaces configured.
}
Event: 45711.043 GC heap before
{Heap before GC invocations=1062 (full 13):
 def new generation   total 119360K, used 115134K [0x00000000dae00000, 0x00000000e2f80000, 0x00000000e58a0000)
  eden space 106112K, 100% used [0x00000000dae00000, 0x00000000e15a0000, 0x00000000e15a0000)
  from space 13248K,  68% used [0x00000000e15a0000, 0x00000000e1e6f860, 0x00000000e2290000)
  to   space 13248K,   0% used [0x00000000e2290000, 0x00000000e2290000, 0x00000000e2f80000)
 tenured generation   total 265176K, used 241019K [0x00000000e58a0000, 0x00000000f5b96000, 0x00000000fae00000)
   the space 265176K,  90% used [0x00000000e58a0000, 0x00000000f43fee68, 0x00000000f43ff000, 0x00000000f5b96000)
 compacting perm gen  total 23680K, used 23665K [0x00000000fae00000, 0x00000000fc520000, 0x0000000100000000)
   the space 23680K,  99% used [0x00000000fae00000, 0x00000000fc51c4a0, 0x00000000fc51c600, 0x00000000fc520000)
No shared spaces configured.
Event: 45711.062 GC heap after
Heap after GC invocations=1063 (full 13):
 def new generation   total 119360K, used 13248K [0x00000000dae00000, 0x00000000e2f80000, 0x00000000e58a0000)
  eden space 106112K,   0% used [0x00000000dae00000, 0x00000000dae00000, 0x00000000e15a0000)
  from space 13248K, 100% used [0x00000000e2290000, 0x00000000e2f80000, 0x00000000e2f80000)
  to   space 13248K,   0% used [0x00000000e15a0000, 0x00000000e15a0000, 0x00000000e2290000)
 tenured generation   total 265176K, used 247338K [0x00000000e58a0000, 0x00000000f5b96000, 0x00000000fae00000)
   the space 265176K,  93% used [0x00000000e58a0000, 0x00000000f4a2a938, 0x00000000f4a2aa00, 0x00000000f5b96000)
 compacting perm gen  total 23680K, used 23665K [0x00000000fae00000, 0x00000000fc520000, 0x0000000100000000)
   the space 23680K,  99% used [0x00000000fae00000, 0x00000000fc51c4a0, 0x00000000fc51c600, 0x00000000fc520000)
No shared spaces configured.
}
Event: 45711.963 GC heap before
{Heap before GC invocations=1063 (full 13):
 def new generation   total 119360K, used 119360K [0x00000000dae00000, 0x00000000e2f80000, 0x00000000e58a0000)
  eden space 106112K, 100% used [0x00000000dae00000, 0x00000000e15a0000, 0x00000000e15a0000)
  from space 13248K, 100% used [0x00000000e2290000, 0x00000000e2f80000, 0x00000000e2f80000)
  to   space 13248K,   0% used [0x00000000e15a0000, 0x00000000e15a0000, 0x00000000e2290000)
 tenured generation   total 265176K, used 247627K [0x00000000e58a0000, 0x00000000f5b96000, 0x00000000fae00000)
   the space 265176K,  93% used [0x00000000e58a0000, 0x00000000f4a72ec8, 0x00000000f4a73000, 0x00000000f5b96000)
 compacting perm gen  total 23680K, used 23665K [0x00000000fae00000, 0x00000000fc520000, 0x0000000100000000)
   the space 23680K,  99% used [0x00000000fae00000, 0x00000000fc51c638, 0x00000000fc51c800, 0x00000000fc520000)
No shared spaces configured.
Event: 45712.278 GC heap after
Heap after GC invocations=1064 (full 13):
 def new generation   total 119360K, used 13247K [0x00000000dae00000, 0x00000000e2f80000, 0x00000000e58a0000)
  eden space 106112K,   0% used [0x00000000dae00000, 0x00000000dae00000, 0x00000000e15a0000)
  from space 13248K,  99% used [0x00000000e15a0000, 0x00000000e228fff8, 0x00000000e2290000)
  to   space 13248K,   0% used [0x00000000e2290000, 0x00000000e2290000, 0x00000000e2f80000)
 tenured generation   total 294364K, used 294273K [0x00000000e58a0000, 0x00000000f7817000, 0x00000000fae00000)
   the space 294364K,  99% used [0x00000000e58a0000, 0x00000000f78004a8, 0x00000000f7800600, 0x00000000f7817000)
 compacting perm gen  total 23680K, used 23665K [0x00000000fae00000, 0x00000000fc520000, 0x0000000100000000)
   the space 23680K,  99% used [0x00000000fae00000, 0x00000000fc51c638, 0x00000000fc51c800, 0x00000000fc520000)
No shared spaces configured.
}
Event: 45714.048 GC heap before
{Heap before GC invocations=1064 (full 13):
 def new generation   total 119360K, used 119359K [0x00000000dae00000, 0x00000000e2f80000, 0x00000000e58a0000)
  eden space 106112K, 100% used [0x00000000dae00000, 0x00000000e15a0000, 0x00000000e15a0000)
  from space 13248K,  99% used [0x00000000e15a0000, 0x00000000e228fff8, 0x00000000e2290000)
  to   space 13248K,   0% used [0x00000000e2290000, 0x00000000e2290000, 0x00000000e2f80000)
 tenured generation   total 295132K, used 294969K [0x00000000e58a0000, 0x00000000f78d7000, 0x00000000fae00000)
   the space 295132K,  99% used [0x00000000e58a0000, 0x00000000f78ae458, 0x00000000f78ae600, 0x00000000f78d7000)
 compacting perm gen  total 23680K, used 23665K [0x00000000fae00000, 0x00000000fc520000, 0x0000000100000000)
   the space 23680K,  99% used [0x00000000fae00000, 0x00000000fc51c678, 0x00000000fc51c800, 0x00000000fc520000)
No shared spaces configured.
Event: 45714.095 GC heap after
Heap after GC invocations=1065 (full 13):
 def new generation   total 119360K, used 13247K [0x00000000dae00000, 0x00000000e2f80000, 0x00000000e58a0000)
  eden space 106112K,   0% used [0x00000000dae00000, 0x00000000dae00000, 0x00000000e15a0000)
  from space 13248K,  99% used [0x00000000e2290000, 0x00000000e2f7fff8, 0x00000000e2f80000)
  to   space 13248K,   0% used [0x00000000e15a0000, 0x00000000e15a0000, 0x00000000e2290000)
 tenured generation   total 307612K, used 307519K [0x00000000e58a0000, 0x00000000f8507000, 0x00000000fae00000)
   the space 307612K,  99% used [0x00000000e58a0000, 0x00000000f84efe68, 0x00000000f84f0000, 0x00000000f8507000)
 compacting perm gen  total 23680K, used 23665K [0x00000000fae00000, 0x00000000fc520000, 0x0000000100000000)
   the space 23680K,  99% used [0x00000000fae00000, 0x00000000fc51c678, 0x00000000fc51c800, 0x00000000fc520000)
No shared spaces configured.
}
Event: 45717.847 GC heap before
{Heap before GC invocations=1065 (full 13):
 def new generation   total 119360K, used 119359K [0x00000000dae00000, 0x00000000e2f80000, 0x00000000e58a0000)
  eden space 106112K, 100% used [0x00000000dae00000, 0x00000000e15a0000, 0x00000000e15a0000)
  from space 13248K,  99% used [0x00000000e2290000, 0x00000000e2f7fff8, 0x00000000e2f80000)
  to   space 13248K,   0% used [0x00000000e15a0000, 0x00000000e15a0000, 0x00000000e2290000)
 tenured generation   total 307612K, used 307519K [0x00000000e58a0000, 0x00000000f8507000, 0x00000000fae00000)
   the space 307612K,  99% used [0x00000000e58a0000, 0x00000000f84efe68, 0x00000000f84f0000, 0x00000000f8507000)
 compacting perm gen  total 23680K, used 23665K [0x00000000fae00000, 0x00000000fc520000, 0x0000000100000000)
   the space 23680K,  99% used [0x00000000fae00000, 0x00000000fc51c678, 0x00000000fc51c800, 0x00000000fc520000)
No shared spaces configured.

