# JRE version: Java(TM) SE Runtime Environment (7.0_80-b15) (build 1.7.0_80-b15)
# Java VM: Java HotSpot(TM) 64-Bit Server VM (24.80-b11 mixed mode linux-amd64 compressed oops)
Heap
 def new generation   total 124864K, used 0K [0x00000000dae00000, 0x00000000e3570000, 0x00000000e58a0000)
  eden space 111040K,   0% used [0x00000000dae00000, 0x00000000dae00000, 0x00000000e1a70000)
  from space 13824K,   0% used [0x00000000e27f0000, 0x00000000e27f0000, 0x00000000e3570000)
  to   space 13824K,   0% used [0x00000000e1a70000, 0x00000000e1a70000, 0x00000000e27f0000)
 tenured generation   total 298736K, used 162812K [0x00000000e58a0000, 0x00000000f7c5c000, 0x00000000fae00000)
   the space 298736K,  54% used [0x00000000e58a0000, 0x00000000ef79f0e0, 0x00000000ef79f200, 0x00000000f7c5c000)
 compacting perm gen  total 24128K, used 24077K [0x00000000fae00000, 0x00000000fc590000, 0x0000000100000000)
   the space 24128K,  99% used [0x00000000fae00000, 0x00000000fc5837f0, 0x00000000fc583800, 0x00000000fc590000)
GC Heap History (10 events):
Event: 167673.544 GC heap after
Heap after GC invocations=4239 (full 25):
 def new generation   total 124864K, used 9487K [0x00000000dae00000, 0x00000000e3570000, 0x00000000e58a0000)
  eden space 111040K,   0% used [0x00000000dae00000, 0x00000000dae00000, 0x00000000e1a70000)
  from space 13824K,  68% used [0x00000000e1a70000, 0x00000000e23b3de0, 0x00000000e27f0000)
  to   space 13824K,   0% used [0x00000000e27f0000, 0x00000000e27f0000, 0x00000000e3570000)
 tenured generation   total 277232K, used 265946K [0x00000000e58a0000, 0x00000000f675c000, 0x00000000fae00000)
   the space 277232K,  95% used [0x00000000e58a0000, 0x00000000f5c568d8, 0x00000000f5c56a00, 0x00000000f675c000)
 compacting perm gen  total 24128K, used 24077K [0x00000000fae00000, 0x00000000fc590000, 0x0000000100000000)
   the space 24128K,  99% used [0x00000000fae00000, 0x00000000fc583748, 0x00000000fc583800, 0x00000000fc590000)
No shared spaces configured.
}
Event: 167676.533 GC heap before
{Heap before GC invocations=4239 (full 25):
 def new generation   total 124864K, used 120526K [0x00000000dae00000, 0x00000000e3570000, 0x00000000e58a0000)
  eden space 111040K,  99% used [0x00000000dae00000, 0x00000000e1a6fac8, 0x00000000e1a70000)
  from space 13824K,  68% used [0x00000000e1a70000, 0x00000000e23b3de0, 0x00000000e27f0000)
  to   space 13824K,   0% used [0x00000000e27f0000, 0x00000000e27f0000, 0x00000000e3570000)
 tenured generation   total 277232K, used 265946K [0x00000000e58a0000, 0x00000000f675c000, 0x00000000fae00000)
   the space 277232K,  95% used [0x00000000e58a0000, 0x00000000f5c568d8, 0x00000000f5c56a00, 0x00000000f675c000)
 compacting perm gen  total 24128K, used 24077K [0x00000000fae00000, 0x00000000fc590000, 0x0000000100000000)
   the space 24128K,  99% used [0x00000000fae00000, 0x00000000fc583748, 0x00000000fc583800, 0x00000000fc590000)
No shared spaces configured.
Event: 167676.546 GC heap after
Heap after GC invocations=4240 (full 25):
 def new generation   total 124864K, used 10487K [0x00000000dae00000, 0x00000000e3570000, 0x00000000e58a0000)
  eden space 111040K,   0% used [0x00000000dae00000, 0x00000000dae00000, 0x00000000e1a70000)
  from space 13824K,  75% used [0x00000000e27f0000, 0x00000000e322dce8, 0x00000000e3570000)
  to   space 13824K,   0% used [0x00000000e1a70000, 0x00000000e1a70000, 0x00000000e27f0000)
 tenured generation   total 277232K, used 268781K [0x00000000e58a0000, 0x00000000f675c000, 0x00000000fae00000)
   the space 277232K,  96% used [0x00000000e58a0000, 0x00000000f5f1b4b8, 0x00000000f5f1b600, 0x00000000f675c000)
 compacting perm gen  total 24128K, used 24077K [0x00000000fae00000, 0x00000000fc590000, 0x0000000100000000)
   the space 24128K,  99% used [0x00000000fae00000, 0x00000000fc583748, 0x00000000fc583800, 0x00000000fc590000)
No shared spaces configured.
}
Event: 167680.860 GC heap before
{Heap before GC invocations=4240 (full 25):
 def new generation   total 124864K, used 121527K [0x00000000dae00000, 0x00000000e3570000, 0x00000000e58a0000)
  eden space 111040K, 100% used [0x00000000dae00000, 0x00000000e1a70000, 0x00000000e1a70000)
  from space 13824K,  75% used [0x00000000e27f0000, 0x00000000e322dce8, 0x00000000e3570000)
  to   space 13824K,   0% used [0x00000000e1a70000, 0x00000000e1a70000, 0x00000000e27f0000)
 tenured generation   total 277232K, used 268781K [0x00000000e58a0000, 0x00000000f675c000, 0x00000000fae00000)
   the space 277232K,  96% used [0x00000000e58a0000, 0x00000000f5f1b4b8, 0x00000000f5f1b600, 0x00000000f675c000)
 compacting perm gen  total 24128K, used 24077K [0x00000000fae00000, 0x00000000fc590000, 0x0000000100000000)
   the space 24128K,  99% used [0x00000000fae00000, 0x00000000fc5837f0, 0x00000000fc583800, 0x00000000fc590000)
No shared spaces configured.
Event: 167680.873 GC heap after
Heap after GC invocations=4241 (full 25):
 def new generation   total 124864K, used 8239K [0x00000000dae00000, 0x00000000e3570000, 0x00000000e58a0000)
  eden space 111040K,   0% used [0x00000000dae00000, 0x00000000dae00000, 0x00000000e1a70000)
  from space 13824K,  59% used [0x00000000e1a70000, 0x00000000e227bfa8, 0x00000000e27f0000)
  to   space 13824K,   0% used [0x00000000e27f0000, 0x00000000e27f0000, 0x00000000e3570000)
 tenured generation   total 277232K, used 273518K [0x00000000e58a0000, 0x00000000f675c000, 0x00000000fae00000)
   the space 277232K,  98% used [0x00000000e58a0000, 0x00000000f63bba30, 0x00000000f63bbc00, 0x00000000f675c000)
 compacting perm gen  total 24128K, used 24077K [0x00000000fae00000, 0x00000000fc590000, 0x0000000100000000)
   the space 24128K,  99% used [0x00000000fae00000, 0x00000000fc5837f0, 0x00000000fc583800, 0x00000000fc590000)
No shared spaces configured.
}
Event: 167685.594 GC heap before
{Heap before GC invocations=4241 (full 25):
 def new generation   total 124864K, used 119279K [0x00000000dae00000, 0x00000000e3570000, 0x00000000e58a0000)
  eden space 111040K, 100% used [0x00000000dae00000, 0x00000000e1a70000, 0x00000000e1a70000)
  from space 13824K,  59% used [0x00000000e1a70000, 0x00000000e227bfa8, 0x00000000e27f0000)
  to   space 13824K,   0% used [0x00000000e27f0000, 0x00000000e27f0000, 0x00000000e3570000)
 tenured generation   total 277232K, used 273518K [0x00000000e58a0000, 0x00000000f675c000, 0x00000000fae00000)
   the space 277232K,  98% used [0x00000000e58a0000, 0x00000000f63bba30, 0x00000000f63bbc00, 0x00000000f675c000)
 compacting perm gen  total 24128K, used 24077K [0x00000000fae00000, 0x00000000fc590000, 0x0000000100000000)
   the space 24128K,  99% used [0x00000000fae00000, 0x00000000fc5837f0, 0x00000000fc583800, 0x00000000fc590000)
No shared spaces configured.
Event: 167685.607 GC heap after
Heap after GC invocations=4242 (full 25):
 def new generation   total 124864K, used 12504K [0x00000000dae00000, 0x00000000e3570000, 0x00000000e58a0000)
  eden space 111040K,   0% used [0x00000000dae00000, 0x00000000dae00000, 0x00000000e1a70000)
  from space 13824K,  90% used [0x00000000e27f0000, 0x00000000e3426258, 0x00000000e3570000)
  to   space 13824K,   0% used [0x00000000e1a70000, 0x00000000e1a70000, 0x00000000e27f0000)
 tenured generation   total 277232K, used 276779K [0x00000000e58a0000, 0x00000000f675c000, 0x00000000fae00000)
   the space 277232K,  99% used [0x00000000e58a0000, 0x00000000f66eaec0, 0x00000000f66eb000, 0x00000000f675c000)
 compacting perm gen  total 24128K, used 24077K [0x00000000fae00000, 0x00000000fc590000, 0x0000000100000000)
   the space 24128K,  99% used [0x00000000fae00000, 0x00000000fc5837f0, 0x00000000fc583800, 0x00000000fc590000)
No shared spaces configured.
}
Event: 167689.635 GC heap before
{Heap before GC invocations=4242 (full 25):
 def new generation   total 124864K, used 123544K [0x00000000dae00000, 0x00000000e3570000, 0x00000000e58a0000)
  eden space 111040K, 100% used [0x00000000dae00000, 0x00000000e1a70000, 0x00000000e1a70000)
  from space 13824K,  90% used [0x00000000e27f0000, 0x00000000e3426328, 0x00000000e3570000)
  to   space 13824K,   0% used [0x00000000e1a70000, 0x00000000e1a70000, 0x00000000e27f0000)
 tenured generation   total 277232K, used 276779K [0x00000000e58a0000, 0x00000000f675c000, 0x00000000fae00000)
   the space 277232K,  99% used [0x00000000e58a0000, 0x00000000f66eaec0, 0x00000000f66eb000, 0x00000000f675c000)
 compacting perm gen  total 24128K, used 24077K [0x00000000fae00000, 0x00000000fc590000, 0x0000000100000000)
   the space 24128K,  99% used [0x00000000fae00000, 0x00000000fc5837f0, 0x00000000fc583800, 0x00000000fc590000)
No shared spaces configured.
Event: 167689.684 GC heap after
Heap after GC invocations=4243 (full 25):
 def new generation   total 124864K, used 13823K [0x00000000dae00000, 0x00000000e3570000, 0x00000000e58a0000)
  eden space 111040K,   0% used [0x00000000dae00000, 0x00000000dae00000, 0x00000000e1a70000)
  from space 13824K,  99% used [0x00000000e1a70000, 0x00000000e27efff8, 0x00000000e27f0000)
  to   space 13824K,   0% used [0x00000000e27f0000, 0x00000000e27f0000, 0x00000000e3570000)
 tenured generation   total 298736K, used 298682K [0x00000000e58a0000, 0x00000000f7c5c000, 0x00000000fae00000)
   the space 298736K,  99% used [0x00000000e58a0000, 0x00000000f7c4ea90, 0x00000000f7c4ec00, 0x00000000f7c5c000)
 compacting perm gen  total 24128K, used 24077K [0x00000000fae00000, 0x00000000fc590000, 0x0000000100000000)
   the space 24128K,  99% used [0x00000000fae00000, 0x00000000fc5837f0, 0x00000000fc583800, 0x00000000fc590000)
No shared spaces configured.
}
Event: 167694.554 GC heap before
{Heap before GC invocations=4243 (full 25):
 def new generation   total 124864K, used 124863K [0x00000000dae00000, 0x00000000e3570000, 0x00000000e58a0000)
  eden space 111040K, 100% used [0x00000000dae00000, 0x00000000e1a70000, 0x00000000e1a70000)
  from space 13824K,  99% used [0x00000000e1a70000, 0x00000000e27efff8, 0x00000000e27f0000)
  to   space 13824K,   0% used [0x00000000e27f0000, 0x00000000e27f0000, 0x00000000e3570000)
 tenured generation   total 298736K, used 298682K [0x00000000e58a0000, 0x00000000f7c5c000, 0x00000000fae00000)
   the space 298736K,  99% used [0x00000000e58a0000, 0x00000000f7c4ea90, 0x00000000f7c4ec00, 0x00000000f7c5c000)
 compacting perm gen  total 24128K, used 24077K [0x00000000fae00000, 0x00000000fc590000, 0x0000000100000000)
   the space 24128K,  99% used [0x00000000fae00000, 0x00000000fc5837f0, 0x00000000fc583800, 0x00000000fc590000)
No shared spaces configured.

